{"level":"info","message":"Loaded commands: alt","service":"Commands","timestamp":"2022-10-23T12:15:24.577Z"}
{"level":"info","message":"Registered global Slash Commands","service":"Commands","timestamp":"2022-10-23T12:15:25.017Z"}
{"level":"info","message":"Big Peepo connected.","service":"Discord","timestamp":"2022-10-23T12:15:25.219Z"}
{"level":"info","message":"<@582833885893754899> interaction: alt | subcommand: match | options: [{\"name\":\"name\",\"type\":3,\"value\":\"KONGOMERATO\"}]","service":"Discord","timestamp":"2022-10-23T13:24:06.280Z"}
{"level":"info","message":"<@83598701120978944> interaction: alt | subcommand: match | options: [{\"name\":\"name\",\"type\":3,\"value\":\"NOOBMIKA\"}]","service":"Discord","timestamp":"2022-10-23T13:28:38.482Z"}
{"level":"info","message":"<@285864815539257345> interaction: alt | subcommand: match | options: [{\"name\":\"name\",\"type\":3,\"value\":\"httpswww\"}]","service":"Discord","timestamp":"2022-10-23T14:01:09.583Z"}
{"level":"info","message":"<@655496868658413570> interaction: alt | subcommand: match | options: [{\"name\":\"name\",\"type\":3,\"value\":\"W00K1EE\"}]","service":"Discord","timestamp":"2022-10-23T15:21:23.639Z"}
{"level":"info","message":"<@655496868658413570> interaction: alt | subcommand: match | options: [{\"name\":\"name\",\"type\":3,\"value\":\"WOOK1EE\"}]","service":"Discord","timestamp":"2022-10-23T15:21:54.994Z"}
{"level":"info","message":"<@600362952109064222> interaction: alt | subcommand: match | options: [{\"name\":\"name\",\"type\":3,\"value\":\"devilgh0st\"}]","service":"Discord","timestamp":"2022-10-23T15:23:59.458Z"}
{"level":"info","message":"<@600362952109064222> interaction: alt | subcommand: match | options: [{\"name\":\"name\",\"type\":3,\"value\":\"D3vilGh0st\"}]","service":"Discord","timestamp":"2022-10-23T15:29:19.632Z"}
{"level":"info","message":"<@554323454942380057> interaction: alt | subcommand: match | options: [{\"name\":\"name\",\"type\":3,\"value\":\"steelvein\"}]","service":"Discord","timestamp":"2022-10-23T15:39:44.149Z"}
{"level":"info","message":"<@554323454942380057> interaction: alt | subcommand: match | options: [{\"name\":\"name\",\"type\":3,\"value\":\"caudill\"}]","service":"Discord","timestamp":"2022-10-23T16:04:24.892Z"}
{"level":"info","message":"<@554323454942380057> interaction: alt | subcommand: match | options: [{\"name\":\"name\",\"type\":3,\"value\":\"shotguneasymode\"}]","service":"Discord","timestamp":"2022-10-23T16:23:56.136Z"}
{"level":"info","message":"<@554323454942380057> interaction: alt | subcommand: match | options: [{\"name\":\"name\",\"type\":3,\"value\":\"xylogic\"}]","service":"Discord","timestamp":"2022-10-23T16:24:42.476Z"}
{"level":"info","message":"<@830271871474991125> interaction: alt | subcommand: match | options: [{\"name\":\"name\",\"type\":3,\"value\":\"britneyspearstoxic\"}]","service":"Discord","timestamp":"2022-10-23T16:33:22.908Z"}
{"level":"info","message":"<@830271871474991125> interaction: alt | subcommand: match | options: [{\"name\":\"name\",\"type\":3,\"value\":\"hitman666nc\"}]","service":"Discord","timestamp":"2022-10-23T16:33:30.063Z"}
{"level":"info","message":"<@582833885893754899> interaction: alt | subcommand: match | options: [{\"name\":\"name\",\"type\":3,\"value\":\"PS4isBetter\"}]","service":"Discord","timestamp":"2022-10-23T16:35:28.033Z"}
{"level":"info","message":"<@347863658174349324> interaction: alt | subcommand: match | options: [{\"name\":\"name\",\"type\":3,\"value\":\"mash50000\"}]","service":"Discord","timestamp":"2022-10-23T17:22:56.796Z"}
{"level":"info","message":"<@700068729215647752> interaction: alt | subcommand: match | options: [{\"name\":\"name\",\"type\":3,\"value\":\"justgettingwarm\"}]","service":"Discord","timestamp":"2022-10-23T17:40:12.774Z"}
{"level":"info","message":"<@600362952109064222> interaction: alt | subcommand: match | options: [{\"name\":\"name\",\"type\":3,\"value\":\"HONKHONKHONK69\"}]","service":"Discord","timestamp":"2022-10-23T18:33:32.973Z"}
{"level":"info","message":"<@202402673167695872> interaction: alt | subcommand: match | options: [{\"name\":\"name\",\"type\":3,\"value\":\"planetsideE3exp\"}]","service":"Discord","timestamp":"2022-10-23T18:53:46.801Z"}
{"level":"info","message":"<@288748666594918401> interaction: alt | subcommand: match | options: [{\"name\":\"name\",\"type\":3,\"value\":\"WinterBlink228\"}]","service":"Discord","timestamp":"2022-10-23T20:18:45.147Z"}
{"level":"info","message":"<@554323454942380057> interaction: alt | subcommand: match | options: [{\"name\":\"name\",\"type\":3,\"value\":\"goyslop\"}]","service":"Discord","timestamp":"2022-10-23T21:19:22.034Z"}
{"level":"info","message":"<@178709504752353282> interaction: alt | subcommand: match | options: [{\"name\":\"name\",\"type\":3,\"value\":\"Hodgepodge\"}]","service":"Discord","timestamp":"2022-10-23T21:23:35.944Z"}
{"level":"info","message":"<@84600137447374848> interaction: alt | subcommand: match | options: [{\"name\":\"name\",\"type\":3,\"value\":\"MidgetSpinners\"},{\"name\":\"full\",\"type\":5,\"value\":true}]","service":"Discord","timestamp":"2022-10-23T21:29:22.577Z"}
{"level":"info","message":"<@84600137447374848> interaction: alt | subcommand: match | options: [{\"name\":\"name\",\"type\":3,\"value\":\"FatBuddhaTR\"},{\"name\":\"full\",\"type\":5,\"value\":true}]","service":"Discord","timestamp":"2022-10-23T21:29:45.419Z"}
{"level":"info","message":"<@84600137447374848> interaction: alt | subcommand: match | options: [{\"name\":\"name\",\"type\":3,\"value\":\"NoSkillNoAimESFMain\"},{\"name\":\"full\",\"type\":5,\"value\":true}]","service":"Discord","timestamp":"2022-10-23T21:30:17.662Z"}
{"level":"info","message":"<@725605806262714389> interaction: alt | subcommand: match | options: [{\"name\":\"name\",\"type\":3,\"value\":\"ShotgunConnoisseur\"}]","service":"Discord","timestamp":"2022-10-23T22:59:59.491Z"}
{"level":"info","message":"<@209777507832954883> interaction: alt | subcommand: match | options: [{\"name\":\"name\",\"type\":3,\"value\":\"bier659\"}]","service":"Discord","timestamp":"2022-10-23T23:21:38.597Z"}
{"level":"info","message":"<@209777507832954883> interaction: alt | subcommand: match | options: [{\"name\":\"name\",\"type\":3,\"value\":\"Bluemangood\"}]","service":"Discord","timestamp":"2022-10-23T23:23:00.728Z"}
{"level":"info","message":"<@83598701120978944> interaction: alt | subcommand: match | options: [{\"name\":\"name\",\"type\":3,\"value\":\"opshax\"}]","service":"Discord","timestamp":"2022-10-23T23:24:45.556Z"}
{"level":"info","message":"<@83598701120978944> interaction: alt | subcommand: count | options: []","service":"Discord","timestamp":"2022-10-23T23:32:06.955Z"}
{"level":"info","message":"<@830271871474991125> interaction: alt | subcommand: match | options: [{\"name\":\"name\",\"type\":3,\"value\":\"britneyspearstoxic\"}]","service":"Discord","timestamp":"2022-10-24T00:22:46.830Z"}
{"level":"info","message":"<@83598701120978944> interaction: alt | subcommand: match | options: [{\"name\":\"name\",\"type\":3,\"value\":\"vorhaut\"}]","service":"Discord","timestamp":"2022-10-24T00:23:20.622Z"}
{"level":"info","message":"<@1032517196821299210> interaction: alt | subcommand: match | options: [{\"name\":\"name\",\"type\":3,\"value\":\"AoTeManGaiya\"}]","service":"Discord","timestamp":"2022-10-24T02:27:15.180Z"}
{"level":"info","message":"<@104501162463477760> interaction: alt | subcommand: match | options: [{\"name\":\"name\",\"type\":3,\"value\":\"SoakingWetTightCreampiefordaddy\"}]","service":"Discord","timestamp":"2022-10-24T02:34:07.705Z"}
{"level":"info","message":"<@1032517196821299210> interaction: alt | subcommand: match | options: [{\"name\":\"name\",\"type\":3,\"value\":\"shoeloi\"}]","service":"Discord","timestamp":"2022-10-24T02:45:29.199Z"}
{"level":"info","message":"<@1032517196821299210> interaction: alt | subcommand: match | options: [{\"name\":\"name\",\"type\":3,\"value\":\"DlllllllIl\"}]","service":"Discord","timestamp":"2022-10-24T02:48:10.034Z"}
{"level":"info","message":"<@1032517196821299210> interaction: alt | subcommand: match | options: [{\"name\":\"name\",\"type\":3,\"value\":\"WalkerHarris\"}]","service":"Discord","timestamp":"2022-10-24T03:07:24.536Z"}
{"level":"info","message":"<@288824089966018560> interaction: alt | subcommand: match | options: [{\"name\":\"name\",\"type\":3,\"value\":\"SirKanye\"}]","service":"Discord","timestamp":"2022-10-24T04:01:46.974Z"}
{"level":"info","message":"<@1032517196821299210> interaction: alt | subcommand: match | options: [{\"name\":\"name\",\"type\":3,\"value\":\"666xiaoming\"}]","service":"Discord","timestamp":"2022-10-24T05:04:22.329Z"}
{"level":"info","message":"<@193417613542555648> interaction: alt | subcommand: match | options: [{\"name\":\"name\",\"type\":3,\"value\":\"Hejbl\"}]","service":"Discord","timestamp":"2022-10-24T08:48:31.500Z"}
{"level":"info","message":"<@725605806262714389> interaction: alt | subcommand: match | options: [{\"name\":\"name\",\"type\":3,\"value\":\"chang0\"}]","service":"Discord","timestamp":"2022-10-24T08:54:21.763Z"}
{"level":"info","message":"<@600362952109064222> interaction: alt | subcommand: match | options: [{\"name\":\"name\",\"type\":3,\"value\":\"NSCyborgCommando\"}]","service":"Discord","timestamp":"2022-10-24T09:14:08.660Z"}
{"level":"info","message":"<@600362952109064222> interaction: alt | subcommand: match | options: [{\"name\":\"name\",\"type\":3,\"value\":\"TRmagenta\"}]","service":"Discord","timestamp":"2022-10-24T09:14:30.400Z"}
{"level":"info","message":"<@600362952109064222> interaction: alt | subcommand: match | options: [{\"name\":\"name\",\"type\":3,\"value\":\"TRmagenta\"}]","service":"Discord","timestamp":"2022-10-24T09:14:56.914Z"}
{"level":"info","message":"<@83598701120978944> interaction: alt | subcommand: match | options: [{\"name\":\"name\",\"type\":3,\"value\":\"changeo\"}]","service":"Discord","timestamp":"2022-10-24T09:25:18.125Z"}
{"level":"info","message":"<@83598701120978944> interaction: alt | subcommand: match | options: [{\"name\":\"name\",\"type\":3,\"value\":\"changeo\"}]","service":"Discord","timestamp":"2022-10-24T09:25:39.500Z"}
{"level":"info","message":"<@600362952109064222> interaction: alt | subcommand: match | options: [{\"name\":\"name\",\"type\":3,\"value\":\"LeGs2\"}]","service":"Discord","timestamp":"2022-10-24T09:49:18.287Z"}
{"level":"info","message":"<@600362952109064222> interaction: alt | subcommand: match | options: [{\"name\":\"name\",\"type\":3,\"value\":\"Yannix\"}]","service":"Discord","timestamp":"2022-10-24T10:16:53.878Z"}
{"level":"info","message":"<@181199933829808128> interaction: alt | subcommand: match | options: [{\"name\":\"name\",\"type\":3,\"value\":\"1z3nn50\"}]","service":"Discord","timestamp":"2022-10-24T10:33:25.908Z"}
{"level":"info","message":"<@725605806262714389> interaction: alt | subcommand: match | options: [{\"name\":\"name\",\"type\":3,\"value\":\"matildesan\"},{\"name\":\"full\",\"type\":5,\"value\":true}]","service":"Discord","timestamp":"2022-10-24T13:16:33.882Z"}
{"level":"info","message":"<@193417613542555648> interaction: alt | subcommand: match | options: [{\"name\":\"name\",\"type\":3,\"value\":\"KamadoTanjirou\"}]","service":"Discord","timestamp":"2022-10-24T13:24:26.144Z"}
{"level":"info","message":"<@378232333393854464> interaction: alt | subcommand: match | options: [{\"name\":\"name\",\"type\":3,\"value\":\"WallGump\"}]","service":"Discord","timestamp":"2022-10-24T14:09:55.175Z"}
{"level":"info","message":"<@600362952109064222> interaction: alt | subcommand: match | options: [{\"name\":\"name\",\"type\":3,\"value\":\"HackerRay\"}]","service":"Discord","timestamp":"2022-10-24T14:26:56.066Z"}
{"level":"info","message":"Loaded commands: alt","service":"Commands","timestamp":"2022-10-24T14:38:56.715Z"}
{"level":"info","message":"Registered global Slash Commands","service":"Commands","timestamp":"2022-10-24T14:38:57.048Z"}
{"level":"info","message":"Big Peepo connected.","service":"Discord","timestamp":"2022-10-24T14:38:57.351Z"}
